<?xml version="1.0" encoding="UTF-8"?>
<!-- Generated by org.testng.reporters.JUnitReportReporter -->
<testsuite hostname="DESKTOP-OT27CGL" failures="0" tests="2" name="com.cdphp.testcases.LoginPageTest" time="18.890" errors="0" timestamp="2019-09-03T20:02:23 EST" skipped="0">
  <testcase classname="com.cdphp.testcases.LoginPageTest" name="loginPageTitleTest" time="7.118"/>
  <testcase classname="com.cdphp.testcases.LoginPageTest" name="loginTest" time="11.772"/>
</testsuite> <!-- com.cdphp.testcases.LoginPageTest -->
