<?xml version="1.0" encoding="UTF-8"?>
<!-- Generated by org.testng.reporters.JUnitReportReporter -->
<testsuite hostname="DESKTOP-OT27CGL" failures="0" tests="1" name="com.cdphp.testcases.ContactsPageTest" time="14.765" errors="0" timestamp="2019-09-03T20:02:23 EST" skipped="0">
  <testcase classname="com.cdphp.testcases.ContactsPageTest" name="ValidateContactLabelTest" time="14.765"/>
</testsuite> <!-- com.cdphp.testcases.ContactsPageTest -->
