<?xml version="1.0" encoding="UTF-8"?>
<!-- Generated by org.testng.reporters.JUnitReportReporter -->
<testsuite hostname="DESKTOP-OT27CGL" failures="0" tests="4" name="com.cdphp.testcases.HomePageTest" time="67.683" errors="0" timestamp="2019-09-03T20:02:23 EST" skipped="0">
  <testcase classname="com.cdphp.testcases.HomePageTest" name="homePageTitleTest" time="12.165"/>
  <testcase classname="com.cdphp.testcases.HomePageTest" name="verifyUserNameLabelTest" time="15.214"/>
  <testcase classname="com.cdphp.testcases.HomePageTest" name="clickonContactLinkTest" time="23.042"/>
  <testcase classname="com.cdphp.testcases.HomePageTest" name="clickonDealsLinkTest" time="17.262"/>
</testsuite> <!-- com.cdphp.testcases.HomePageTest -->
